{
  "stats": {
    "suites": 1,
    "tests": 1,
    "passes": 1,
    "pending": 0,
    "failures": 0,
    "start": "2025-06-23T07:34:36.815Z",
    "end": "2025-06-23T07:34:38.192Z",
    "duration": 1377,
    "testsRegistered": 1,
    "passPercent": 100,
    "pendingPercent": 0,
    "other": 0,
    "hasOther": false,
    "skipped": 0,
    "hasSkipped": false
  },
  "results": [
    {
      "uuid": "d933206b-9988-4dcf-82f1-5238af0e0e3a",
      "title": "",
      "fullFile": "C:\\Users\\Handra\\OneDrive\\Documents\\Programming\\saucedemo-automation\\tests\\login-sort.test.js",
      "file": "\\tests\\login-sort.test.js",
      "beforeHooks": [],
      "afterHooks": [],
      "tests": [],
      "suites": [
        {
          "uuid": "8d99a01c-b8cb-449c-973c-2a512851f44f",
          "title": "SauceDemo Automation",
          "fullFile": "C:\\Users\\Handra\\OneDrive\\Documents\\Programming\\saucedemo-automation\\tests\\login-sort.test.js",
          "file": "\\tests\\login-sort.test.js",
          "beforeHooks": [
            {
              "title": "\"before all\" hook in \"SauceDemo Automation\"",
              "fullTitle": "SauceDemo Automation \"before all\" hook in \"SauceDemo Automation\"",
              "timedOut": false,
              "duration": 645,
              "state": null,
              "speed": null,
              "pass": false,
              "fail": false,
              "pending": false,
              "context": null,
              "code": "driver = await new Builder().forBrowser('MicrosoftEdge').build(); // Ganti 'chrome' jika pakai Chrome",
              "err": {},
              "uuid": "a566ecd0-334a-4284-b933-016e2becd53d",
              "parentUUID": "8d99a01c-b8cb-449c-973c-2a512851f44f",
              "isHook": true,
              "skipped": false
            }
          ],
          "afterHooks": [
            {
              "title": "\"after all\" hook in \"SauceDemo Automation\"",
              "fullTitle": "SauceDemo Automation \"after all\" hook in \"SauceDemo Automation\"",
              "timedOut": false,
              "duration": 86,
              "state": null,
              "speed": null,
              "pass": false,
              "fail": false,
              "pending": false,
              "context": null,
              "code": "await driver.quit();",
              "err": {},
              "uuid": "5f8e5132-9fc9-4399-b93a-c65a188e5811",
              "parentUUID": "8d99a01c-b8cb-449c-973c-2a512851f44f",
              "isHook": true,
              "skipped": false
            }
          ],
          "tests": [
            {
              "title": "Login sukses dan urutkan produk A-Z",
              "fullTitle": "SauceDemo Automation Login sukses dan urutkan produk A-Z",
              "timedOut": false,
              "duration": 644,
              "state": "passed",
              "speed": "slow",
              "pass": true,
              "fail": false,
              "pending": false,
              "context": null,
              "code": "await driver.get('https://www.saucedemo.com');\nawait driver.findElement(By.id('user-name')).sendKeys('standard_user');\nawait driver.findElement(By.id('password')).sendKeys('secret_sauce');\nawait driver.findElement(By.id('login-button')).click();\nconst title = await driver.getTitle();\nassert.strictEqual(title, 'Swag Labs');\nconst sortDropdown = await driver.findElement(By.className('product_sort_container'));\nawait sortDropdown.sendKeys('Name (A to Z)');\nconst firstProduct = await driver.findElement(By.className('inventory_item_name'));\nconst productName = await firstProduct.getText();\nconsole.log('Produk pertama setelah disortir:', productName);",
              "err": {},
              "uuid": "863a2c38-850e-4af1-b634-12a3809669a9",
              "parentUUID": "8d99a01c-b8cb-449c-973c-2a512851f44f",
              "isHook": false,
              "skipped": false
            }
          ],
          "suites": [],
          "passes": [
            "863a2c38-850e-4af1-b634-12a3809669a9"
          ],
          "failures": [],
          "pending": [],
          "skipped": [],
          "duration": 644,
          "root": false,
          "rootEmpty": false,
          "_timeout": 30000
        }
      ],
      "passes": [],
      "failures": [],
      "pending": [],
      "skipped": [],
      "duration": 0,
      "root": true,
      "rootEmpty": true,
      "_timeout": 60000
    }
  ],
  "meta": {
    "mocha": {
      "version": "11.7.0"
    },
    "mochawesome": {
      "options": {
        "quiet": false,
        "reportFilename": "mochawesome",
        "saveHtml": true,
        "saveJson": true,
        "consoleReporter": "spec",
        "useInlineDiffs": false,
        "code": true
      },
      "version": "7.1.3"
    },
    "marge": {
      "options": null,
      "version": "6.2.0"
    }
  }
}